<?xml version="1.0" encoding="UTF-8" ?>
<testsuite errors="1" failures="0" hostname="s-macbook.local" name="RegressionJUnitTest" tests="1" time="0.0" timestamp="2012-09-16T02:39:06">
  <properties>
    <property name="java.vendor" value="Apple Inc." />
    <property name="sun.java.launcher" value="SUN_STANDARD" />
    <property name="jikes.class.path" value=":/System/Library/Java/JavaVirtualMachines/1.6.0.jdk/Contents/Home/../Classes/alt-rt.jar:/System/Library/Java/JavaVirtualMachines/1.6.0.jdk/Contents/Home/../Classes/alt-string.jar:/System/Library/Java/JavaVirtualMachines/1.6.0.jdk/Contents/Home/../Classes/charsets.jar:/System/Library/Java/JavaVirtualMachines/1.6.0.jdk/Contents/Home/../Classes/classes.jar:/System/Library/Java/JavaVirtualMachines/1.6.0.jdk/Contents/Home/../Classes/dt.jar:/System/Library/Java/JavaVirtualMachines/1.6.0.jdk/Contents/Home/../Classes/jce.jar:/System/Library/Java/JavaVirtualMachines/1.6.0.jdk/Contents/Home/../Classes/jconsole.jar:/System/Library/Java/JavaVirtualMachines/1.6.0.jdk/Contents/Home/../Classes/jsse.jar:/System/Library/Java/JavaVirtualMachines/1.6.0.jdk/Contents/Home/../Classes/management-agent.jar:/System/Library/Java/JavaVirtualMachines/1.6.0.jdk/Contents/Home/../Classes/ui.jar" />
    <property name="sun.management.compiler" value="HotSpot 64-Bit Tiered Compilers" />
    <property name="os.name" value="Mac OS X" />
    <property name="sun.boot.class.path" value="/System/Library/Java/JavaVirtualMachines/1.6.0.jdk/Contents/Classes/jsfd.jar:/System/Library/Java/JavaVirtualMachines/1.6.0.jdk/Contents/Classes/classes.jar:/System/Library/Frameworks/JavaVM.framework/Frameworks/JavaRuntimeSupport.framework/Resources/Java/JavaRuntimeSupport.jar:/System/Library/Java/JavaVirtualMachines/1.6.0.jdk/Contents/Classes/ui.jar:/System/Library/Java/JavaVirtualMachines/1.6.0.jdk/Contents/Classes/laf.jar:/System/Library/Java/JavaVirtualMachines/1.6.0.jdk/Contents/Classes/sunrsasign.jar:/System/Library/Java/JavaVirtualMachines/1.6.0.jdk/Contents/Classes/jsse.jar:/System/Library/Java/JavaVirtualMachines/1.6.0.jdk/Contents/Classes/jce.jar:/System/Library/Java/JavaVirtualMachines/1.6.0.jdk/Contents/Classes/charsets.jar" />
    <property name="TODAY" value="September 16 2012" />
    <property name="java.vm.specification.vendor" value="Sun Microsystems Inc." />
    <property name="ant.home" value="/usr/share/ant" />
    <property name="TEMP" value="/Users/baxtree/Documents/workspace/RDFaSquare/temp" />
    <property name="java.runtime.version" value="1.6.0_29-b11-402-10M3527" />
    <property name="user.name" value="baxtree" />
    <property name="awt.nativeDoubleBuffering" value="true" />
    <property name="user.language" value="en" />
    <property name="sun.boot.library.path" value="/System/Library/Java/JavaVirtualMachines/1.6.0.jdk/Contents/Libraries" />
    <property name="ant.project.default-target" value="archive" />
    <property name="ant.project.name" value="RDFaSquare" />
    <property name="DSTAMP" value="20120916" />
    <property name="OUT" value="/Users/baxtree/Documents/workspace/RDFaSquare/out" />
    <property name="java.version" value="1.6.0_29" />
    <property name="user.timezone" value="" />
    <property name="sun.arch.data.model" value="64" />
    <property name="http.nonProxyHosts" value="local|*.local|169.254/16|*.169.254/16" />
    <property name="java.endorsed.dirs" value="/System/Library/Java/JavaVirtualMachines/1.6.0.jdk/Contents/Home/lib/endorsed" />
    <property name="sun.cpu.isalist" value="" />
    <property name="sun.jnu.encoding" value="MacRoman" />
    <property name="file.encoding.pkg" value="sun.io" />
    <property name="file.separator" value="/" />
    <property name="java.specification.name" value="Java Platform API Specification" />
    <property name="java.class.version" value="50.0" />
    <property name="user.country" value="US" />
    <property name="java.home" value="/System/Library/Java/JavaVirtualMachines/1.6.0.jdk/Contents/Home" />
    <property name="java.vm.info" value="mixed mode" />
    <property name="ant.file" value="/Users/baxtree/Documents/workspace/RDFaSquare/build.xml" />
    <property name="os.version" value="10.6.8" />
    <property name="path.separator" value=":" />
    <property name="java.vm.version" value="20.4-b02-402" />
    <property name="WAR_FILE_NAME" value="rdfasquare.war" />
    <property name="ant.library.dir" value="/usr/share/ant/lib" />
    <property name="java.awt.printerjob" value="apple.awt.CPrinterJob" />
    <property name="sun.io.unicode.encoding" value="UnicodeLittle" />
    <property name="awt.toolkit" value="apple.awt.CToolkit" />
    <property name="socksNonProxyHosts" value="local|*.local|169.254/16|*.169.254/16" />
    <property name="ftp.nonProxyHosts" value="local|*.local|169.254/16|*.169.254/16" />
    <property name="user.home" value="/Users/baxtree" />
    <property name="java.specification.vendor" value="Sun Microsystems Inc." />
    <property name="java.library.path" value=".:/Library/Java/Extensions:/System/Library/Java/Extensions:/usr/lib/java" />
    <property name="java.vendor.url" value="http://www.apple.com/" />
    <property name="CLASSES" value="/Users/baxtree/Documents/workspace/RDFaSquare/WebRoot/WEB-INF/classes" />
    <property name="java.vm.vendor" value="Apple Inc." />
    <property name="gopherProxySet" value="false" />
    <property name="java.runtime.name" value="Java(TM) SE Runtime Environment" />
    <property name="sun.java.command" value="org.apache.tools.ant.launch.Launcher -cp /usr/share/apache-tomcat-6.0.32/lib/servlet-api.jar:/Users/baxtree/Documents/workspace/RDFaSquare/WebRoot/WEB-INF/lib/junit-4.10.jar:Users/baxtree/Documents/workspace/RDFaSquare/WebRoot/WEB-INF/lib/ant-junit-1.8.2.jar:Users/baxtree/Documents/workspace/RDFaSquare/WebRoot/WEB-INF/lib/ant-junit-1.8.2.jar:Users/baxtree/Documents/workspace/RDFaSquare/WebRoot/WEB-INF/lib/selenium/selenium-java-2.25.0.jar:Users/baxtree/Documents/workspace/RDFaSquare/WebRoot/WEB-INF/lib/selenium/libs/*" />
    <property name="java.class.path" value="/usr/share/ant/lib/ant-launcher.jar:/usr/share/apache-tomcat-6.0.32/lib/servlet-api.jar:/Users/baxtree/Documents/workspace/RDFaSquare/WebRoot/WEB-INF/lib/junit-4.10.jar:/Users/baxtree/Documents/workspace/RDFaSquare/Users/baxtree/Documents/workspace/RDFaSquare/WebRoot/WEB-INF/lib/ant-junit-1.8.2.jar:/Users/baxtree/Documents/workspace/RDFaSquare/Users/baxtree/Documents/workspace/RDFaSquare/WebRoot/WEB-INF/lib/ant-junit-1.8.2.jar:/Users/baxtree/Documents/workspace/RDFaSquare/Users/baxtree/Documents/workspace/RDFaSquare/WebRoot/WEB-INF/lib/selenium/selenium-java-2.25.0.jar:/Users/baxtree/Documents/workspace/RDFaSquare/Users/baxtree/Documents/workspace/RDFaSquare/WebRoot/WEB-INF/lib/selenium/libs/*:/usr/share/ant/lib/ant-antlr.jar:/usr/share/ant/lib/ant-jmf.jar:/usr/share/ant/lib/ant-junit.jar:/usr/share/ant/lib/ant-junit4.jar:/usr/share/ant/lib/ant-launcher.jar:/usr/share/ant/lib/ant-swing.jar:/usr/share/ant/lib/ant-testutil.jar:/usr/share/ant/lib/ant.jar" />
    <property name="ant.version" value="Apache Ant(TM) version 1.8.2 compiled on October 14 2011" />
    <property name="TSTAMP" value="0339" />
    <property name="ant.file.type.RDFaSquare" value="file" />
    <property name="java.vm.specification.name" value="Java Virtual Machine Specification" />
    <property name="ant.file.type" value="file" />
    <property name="java.vm.specification.version" value="1.0" />
    <property name="WEB-INF" value="/Users/baxtree/Documents/workspace/RDFaSquare/WebRoot/WEB-INF" />
    <property name="sun.cpu.endian" value="little" />
    <property name="sun.os.patch.level" value="unknown" />
    <property name="java.io.tmpdir" value="/var/folders/b3/b3APrkehFtmDuUBbIyycTE+++TI/-Tmp-/" />
    <property name="java.vendor.url.bug" value="http://bugreport.apple.com/" />
    <property name="ant.file.RDFaSquare" value="/Users/baxtree/Documents/workspace/RDFaSquare/build.xml" />
    <property name="mrj.build" value="10M3527" />
    <property name="os.arch" value="x86_64" />
    <property name="java.awt.graphicsenv" value="apple.awt.CGraphicsEnvironment" />
    <property name="java.ext.dirs" value="/Library/Java/Extensions:/System/Library/Java/Extensions:/System/Library/Java/JavaVirtualMachines/1.6.0.jdk/Contents/Home/lib/ext" />
    <property name="user.dir" value="/Users/baxtree/Documents/workspace/RDFaSquare" />
    <property name="mrj.version" value="1060.1.6.0_29-402" />
    <property name="line.separator" value="&#xa;" />
    <property name="java.vm.name" value="Java HotSpot(TM) 64-Bit Server VM" />
    <property name="basedir" value="/Users/baxtree/Documents/workspace/RDFaSquare" />
    <property name="ant.java.version" value="1.6" />
    <property name="ant.core.lib" value="/usr/share/ant/lib/ant.jar" />
    <property name="file.encoding" value="MacRoman" />
    <property name="java.specification.version" value="1.6" />
    <property name="ant.project.invoked-targets" value="archive" />
  </properties>
  <error message="RegressionJUnitTest" type="java.lang.ClassNotFoundException">java.lang.ClassNotFoundException: RegressionJUnitTest
	at java.net.URLClassLoader$1.run(URLClassLoader.java:202)
	at java.security.AccessController.doPrivileged(Native Method)
	at java.net.URLClassLoader.findClass(URLClassLoader.java:190)
	at java.lang.ClassLoader.loadClass(ClassLoader.java:306)
	at java.lang.ClassLoader.loadClass(ClassLoader.java:247)
	at java.lang.ClassLoader.loadClass(ClassLoader.java:247)
	at java.lang.Class.forName0(Native Method)
	at java.lang.Class.forName(Class.java:247)
</error>
  <system-out><![CDATA[]]></system-out>
  <system-err><![CDATA[]]></system-err>
</testsuite>
