<?xml version="1.0" encoding="UTF-8" ?>
<testsuite errors="1" failures="0" hostname="s-macbook.local" name="test.rdfasquare.RegressionJUnitTest" tests="1" time="0.472" timestamp="2012-09-18T19:34:33">
  <properties>
    <property name="java.vendor" value="Apple Inc." />
    <property name="teamcity.agent.dotnet.build_id" value="27" />
    <property name="sun.java.launcher" value="SUN_STANDARD" />
    <property name="teamcity.buildConfName" value="RDFaSquare" />
    <property name="sun.management.compiler" value="HotSpot 64-Bit Tiered Compilers" />
    <property name="build.vcs.number.RDFaSquareOnGit" value="45f47e62906de0863bf6c6b7536e15fb0b3838d7" />
    <property name="agent.home.dir" value="/usr/share/TeamCity/buildAgent" />
    <property name="os.name" value="Mac OS X" />
    <property name="teamcity.build.properties.file" value="/usr/share/TeamCity/buildAgent/temp/buildTmp/teamcity.build2614834314466450132.properties" />
    <property name="sun.boot.class.path" value="/System/Library/Java/JavaVirtualMachines/1.6.0.jdk/Contents/Classes/jsfd.jar:/System/Library/Java/JavaVirtualMachines/1.6.0.jdk/Contents/Classes/classes.jar:/System/Library/Frameworks/JavaVM.framework/Frameworks/JavaRuntimeSupport.framework/Resources/Java/JavaRuntimeSupport.jar:/System/Library/Java/JavaVirtualMachines/1.6.0.jdk/Contents/Classes/ui.jar:/System/Library/Java/JavaVirtualMachines/1.6.0.jdk/Contents/Classes/laf.jar:/System/Library/Java/JavaVirtualMachines/1.6.0.jdk/Contents/Classes/sunrsasign.jar:/System/Library/Java/JavaVirtualMachines/1.6.0.jdk/Contents/Classes/jsse.jar:/System/Library/Java/JavaVirtualMachines/1.6.0.jdk/Contents/Classes/jce.jar:/System/Library/Java/JavaVirtualMachines/1.6.0.jdk/Contents/Classes/charsets.jar" />
    <property name="TODAY" value="September 18 2012" />
    <property name="build.number" value="27" />
    <property name="java.vm.specification.vendor" value="Sun Microsystems Inc." />
    <property name="agent.name" value="Default Agent" />
    <property name="ant.home" value="/usr/share/TeamCity/buildAgent/plugins/ant" />
    <property name="TEMP" value="/Users/baxtree/Documents/workspace/RDFaSquare/temp" />
    <property name="java.runtime.version" value="1.6.0_29-b11-402-10M3527" />
    <property name="teamcity.auth.password" value="PEkNspEr1XatoAuHI0xfaq0q2lRVZuIN" />
    <property name="teamcity.runner.properties.file" value="/usr/share/TeamCity/buildAgent/temp/buildTmp/teamcity.runner7904678771194313328.properties" />
    <property name="agent.ownPort" value="9090" />
    <property name="user.name" value="baxtree" />
    <property name="teamcity.runtime.props.file" value="/usr/share/TeamCity/buildAgent/temp/agentTmp/ant7918191891969845312runtime" />
    <property name="awt.nativeDoubleBuffering" value="true" />
    <property name="teamcity.build.workingDir" value="/Users/baxtree/Documents/workspace/RDFaSquare" />
    <property name="teamcity.version" value="7.1 (build 23907)" />
    <property name="user.language" value="en" />
    <property name="teamcity.build.id" value="27" />
    <property name="sun.boot.library.path" value="/System/Library/Java/JavaVirtualMachines/1.6.0.jdk/Contents/Libraries" />
    <property name="ant.project.default-target" value="archive" />
    <property name="ant.project.name" value="RDFaSquare" />
    <property name="DSTAMP" value="20120918" />
    <property name="OUT" value="/Users/baxtree/Documents/workspace/RDFaSquare/out" />
    <property name="java.version" value="1.6.0_29" />
    <property name="user.timezone" value="Europe/London" />
    <property name="teamcity.buildType.id" value="bt2" />
    <property name="sun.arch.data.model" value="64" />
    <property name="http.nonProxyHosts" value="local|*.local|169.254/16|*.169.254/16" />
    <property name="java.endorsed.dirs" value="/System/Library/Java/JavaVirtualMachines/1.6.0.jdk/Contents/Home/lib/endorsed" />
    <property name="sun.cpu.isalist" value="" />
    <property name="sun.jnu.encoding" value="MacRoman" />
    <property name="file.encoding.pkg" value="sun.io" />
    <property name="file.separator" value="/" />
    <property name="java.specification.name" value="Java Platform API Specification" />
    <property name="java.class.version" value="50.0" />
    <property name="user.country" value="US" />
    <property name="java.home" value="/System/Library/Java/JavaVirtualMachines/1.6.0.jdk/Contents/Home" />
    <property name="java.vm.info" value="mixed mode" />
    <property name="teamcity.auth.userId" value="TeamCityBuildId=27" />
    <property name="ant.file" value="/Users/baxtree/Documents/workspace/RDFaSquare/build.xml" />
    <property name="os.version" value="10.6.8" />
    <property name="path.separator" value=":" />
    <property name="java.vm.version" value="20.4-b02-402" />
    <property name="WAR_FILE_NAME" value="rdfasquare.war" />
    <property name="ant.library.dir" value="/usr/share/TeamCity/buildAgent/plugins/ant/lib" />
    <property name="java.awt.printerjob" value="apple.awt.CPrinterJob" />
    <property name="sun.io.unicode.encoding" value="UnicodeLittle" />
    <property name="awt.toolkit" value="apple.awt.CToolkit" />
    <property name="socksNonProxyHosts" value="local|*.local|169.254/16|*.169.254/16" />
    <property name="ftp.nonProxyHosts" value="local|*.local|169.254/16|*.169.254/16" />
    <property name="teamcity.agent.cpuBenchmark" value="205" />
    <property name="user.home" value="/Users/baxtree" />
    <property name="teamcity.configuration.properties.file" value="/usr/share/TeamCity/buildAgent/temp/buildTmp/teamcity.config4519538136014021987.properties" />
    <property name="java.specification.vendor" value="Sun Microsystems Inc." />
    <property name="java.library.path" value=".:/Library/Java/Extensions:/System/Library/Java/Extensions:/usr/lib/java" />
    <property name="teamcity.projectName" value="RDFaSquare" />
    <property name="java.vendor.url" value="http://www.apple.com/" />
    <property name="CLASSES" value="/Users/baxtree/Documents/workspace/RDFaSquare/WebRoot/WEB-INF/classes" />
    <property name="java.vm.vendor" value="Apple Inc." />
    <property name="gopherProxySet" value="false" />
    <property name="java.runtime.name" value="Java(TM) SE Runtime Environment" />
    <property name="ant.version" value="Apache Ant(TM) version 1.8.2 compiled on December 20 2010" />
    <property name="sun.java.command" value="org.apache.tools.ant.launch.Launcher -lib /usr/share/apache-tomcat-6.0.32/lib/servlet-api.jar -lib /usr/share/TeamCity/buildAgent/plugins/antPlugin/ant-runtime.jar:/usr/share/TeamCity/buildAgent/lib/runtime-util.jar -listener jetbrains.buildServer.agent.ant.AgentBuildListener -buildfile /Users/baxtree/Documents/workspace/RDFaSquare/build.xml" />
    <property name="java.class.path" value="/usr/share/TeamCity/buildAgent/plugins/ant/lib/ant-launcher.jar:/usr/share/apache-tomcat-6.0.32/lib/servlet-api.jar:/usr/share/TeamCity/buildAgent/plugins/antPlugin/ant-runtime.jar:/usr/share/TeamCity/buildAgent/lib/runtime-util.jar:/usr/share/TeamCity/buildAgent/plugins/ant/lib/ant-antlr.jar:/usr/share/TeamCity/buildAgent/plugins/ant/lib/ant-apache-bcel.jar:/usr/share/TeamCity/buildAgent/plugins/ant/lib/ant-apache-bsf.jar:/usr/share/TeamCity/buildAgent/plugins/ant/lib/ant-apache-log4j.jar:/usr/share/TeamCity/buildAgent/plugins/ant/lib/ant-apache-oro.jar:/usr/share/TeamCity/buildAgent/plugins/ant/lib/ant-apache-regexp.jar:/usr/share/TeamCity/buildAgent/plugins/ant/lib/ant-apache-resolver.jar:/usr/share/TeamCity/buildAgent/plugins/ant/lib/ant-apache-xalan2.jar:/usr/share/TeamCity/buildAgent/plugins/ant/lib/ant-commons-logging.jar:/usr/share/TeamCity/buildAgent/plugins/ant/lib/ant-commons-net.jar:/usr/share/TeamCity/buildAgent/plugins/ant/lib/ant-jai.jar:/usr/share/TeamCity/buildAgent/plugins/ant/lib/ant-javamail.jar:/usr/share/TeamCity/buildAgent/plugins/ant/lib/ant-jdepend.jar:/usr/share/TeamCity/buildAgent/plugins/ant/lib/ant-jmf.jar:/usr/share/TeamCity/buildAgent/plugins/ant/lib/ant-jsch.jar:/usr/share/TeamCity/buildAgent/plugins/ant/lib/ant-junit.jar:/usr/share/TeamCity/buildAgent/plugins/ant/lib/ant-junit4.jar:/usr/share/TeamCity/buildAgent/plugins/ant/lib/ant-launcher.jar:/usr/share/TeamCity/buildAgent/plugins/ant/lib/ant-netrexx.jar:/usr/share/TeamCity/buildAgent/plugins/ant/lib/ant-swing.jar:/usr/share/TeamCity/buildAgent/plugins/ant/lib/ant-testutil.jar:/usr/share/TeamCity/buildAgent/plugins/ant/lib/ant.jar:/usr/share/TeamCity/buildAgent/plugins/ant/lib/junit-3.8.2.jar" />
    <property name="TSTAMP" value="2034" />
    <property name="ant.file.type.RDFaSquare" value="file" />
    <property name="java.vm.specification.name" value="Java Virtual Machine Specification" />
    <property name="ant.file.type" value="file" />
    <property name="java.vm.specification.version" value="1.0" />
    <property name="build.vcs.number.1" value="45f47e62906de0863bf6c6b7536e15fb0b3838d7" />
    <property name="agent.work.dir" value="/usr/share/TeamCity/buildAgent/work" />
    <property name="WEB-INF" value="/Users/baxtree/Documents/workspace/RDFaSquare/WebRoot/WEB-INF" />
    <property name="sun.cpu.endian" value="little" />
    <property name="sun.os.patch.level" value="unknown" />
    <property name="java.io.tmpdir" value="/usr/share/TeamCity/buildAgent/temp/buildTmp" />
    <property name="java.vendor.url.bug" value="http://bugreport.apple.com/" />
    <property name="ant.file.RDFaSquare" value="/Users/baxtree/Documents/workspace/RDFaSquare/build.xml" />
    <property name="mrj.build" value="10M3527" />
    <property name="build.vcs.number" value="45f47e62906de0863bf6c6b7536e15fb0b3838d7" />
    <property name="java.awt.graphicsenv" value="apple.awt.CGraphicsEnvironment" />
    <property name="os.arch" value="x86_64" />
    <property name="teamcity.build.checkoutDir" value="/usr/share/TeamCity/buildAgent/work/3d186d76a3a7e624" />
    <property name="java.ext.dirs" value="/Library/Java/Extensions:/System/Library/Java/Extensions:/System/Library/Java/JavaVirtualMachines/1.6.0.jdk/Contents/Home/lib/ext" />
    <property name="mrj.version" value="1060.1.6.0_29-402" />
    <property name="user.dir" value="/Users/baxtree/Documents/workspace/RDFaSquare" />
    <property name="teamcity.build.changedFiles.file" value="/usr/share/TeamCity/buildAgent/temp/buildTmp/changedFiles9184980979718841994.txt" />
    <property name="line.separator" value="&#xa;" />
    <property name="java.vm.name" value="Java HotSpot(TM) 64-Bit Server VM" />
    <property name="teamcity.tests.recentlyFailedTests.file" value="/usr/share/TeamCity/buildAgent/temp/buildTmp/testsToRunFirst5622832763634074879.txt" />
    <property name="basedir" value="/Users/baxtree/Documents/workspace/RDFaSquare" />
    <property name="ant.java.version" value="1.6" />
    <property name="ant.core.lib" value="/usr/share/TeamCity/buildAgent/plugins/ant/lib/ant.jar" />
    <property name="file.encoding" value="MacRoman" />
    <property name="teamcity.agent.dotnet.agent_url" value="http://localhost:9090/RPC2" />
    <property name="java.specification.version" value="1.6" />
    <property name="ant.project.invoked-targets" value="archive" />
    <property name="teamcity.build.tempDir" value="/usr/share/TeamCity/buildAgent/temp/buildTmp" />
  </properties>
  <testcase classname="test.rdfasquare.RegressionJUnitTest" name="testRDFaSquareTestCaseJUnit" time="0.043">
    <error message="Could not start Selenium session: Failed to start new browser session: Error while launching browser" type="java.lang.RuntimeException">java.lang.RuntimeException: Could not start Selenium session: Failed to start new browser session: Error while launching browser
	at com.thoughtworks.selenium.DefaultSelenium.start(DefaultSelenium.java:109)
	at test.rdfasquare.RegressionJUnitTest.setUp(Unknown Source)
	at com.thoughtworks.selenium.SeleneseTestCase.runBare(SeleneseTestCase.java:248)
Caused by: com.thoughtworks.selenium.SeleniumException: Failed to start new browser session: Error while launching browser
	at com.thoughtworks.selenium.HttpCommandProcessor.throwAssertionFailureExceptionOrError(HttpCommandProcessor.java:112)
	at com.thoughtworks.selenium.HttpCommandProcessor.doCommand(HttpCommandProcessor.java:106)
	at com.thoughtworks.selenium.HttpCommandProcessor.getString(HttpCommandProcessor.java:275)
	at com.thoughtworks.selenium.HttpCommandProcessor.start(HttpCommandProcessor.java:237)
	at com.thoughtworks.selenium.DefaultSelenium.start(DefaultSelenium.java:100)
</error>
  </testcase>
  <system-out><![CDATA[]]></system-out>
  <system-err><![CDATA[]]></system-err>
</testsuite>
